  utthread2_tests.cpp
c:\users\david\desktop\so-maksym\so_trab\ex1\uthreads2unittests\utthread2_tests.cpp(28): warning C4311: 'type cast': pointer truncation from 'UT_ARGUMENT' to 'LONG'
c:\users\david\desktop\so-maksym\so_trab\ex1\uthreads2unittests\utthread2_tests.cpp(28): warning C4302: 'type cast': truncation from 'UT_ARGUMENT' to 'LONG'
c:\users\david\desktop\so-maksym\so_trab\ex1\uthreads2unittests\utthread2_tests.cpp(41): warning C4312: 'type cast': conversion from 'LONG' to 'UT_ARGUMENT' of greater size
     Creating library C:\Users\David\Desktop\so-maksym\SO_trab\x64\Debug\Uthreads2UnitTests.lib and object C:\Users\David\Desktop\so-maksym\SO_trab\x64\Debug\Uthreads2UnitTests.exp
utthread2_tests.obj : error LNK2019: unresolved external symbol __imp_UtInit referenced in function "void __cdecl Uthreads2UnitTests::StartTests(void)" (?StartTests@Uthreads2UnitTests@@YAXXZ)
utthread2_tests.obj : error LNK2019: unresolved external symbol __imp_UtEnd referenced in function "void __cdecl Uthreads2UnitTests::EndTests(void)" (?EndTests@Uthreads2UnitTests@@YAXXZ)
utthread2_tests.obj : error LNK2019: unresolved external symbol __imp_UtRun referenced in function "public: void __cdecl Uthreads2UnitTests::UthreadTests::SimpleGetThreadResultTest(void)" (?SimpleGetThreadResultTest@UthreadTests@Uthreads2UnitTests@@QEAAXXZ)
utthread2_tests.obj : error LNK2019: unresolved external symbol __imp_UtCreate64 referenced in function "public: void __cdecl Uthreads2UnitTests::UthreadTests::SimpleGetThreadResultTest(void)" (?SimpleGetThreadResultTest@UthreadTests@Uthreads2UnitTests@@QEAAXXZ)
utthread2_tests.obj : error LNK2019: unresolved external symbol __imp_UtGetThreadResult referenced in function "public: void __cdecl Uthreads2UnitTests::UthreadTests::SimpleGetThreadResultTest(void)" (?SimpleGetThreadResultTest@UthreadTests@Uthreads2UnitTests@@QEAAXXZ)
C:\Users\David\Desktop\so-maksym\SO_trab\x64\Debug\Uthreads2UnitTests.dll : fatal error LNK1120: 5 unresolved externals
